# JRE version: OpenJDK Runtime Environment (8.0_302-b08) (build 1.8.0_302-b08)
# Java VM: OpenJDK 64-Bit Server VM (25.302-b08 mixed mode linux-amd64 compressed oops)
Heap:
 PSYoungGen      total 74752K, used 10786K [0x000000076d400000, 0x0000000772700000, 0x00000007c0000000)
  eden space 64512K, 16% used [0x000000076d400000,0x000000076de88b90,0x0000000771300000)
  from space 10240K, 0% used [0x0000000771d00000,0x0000000771d00000,0x0000000772700000)
  to   space 10240K, 0% used [0x0000000771300000,0x0000000771300000,0x0000000771d00000)
 ParOldGen       total 71680K, used 4941K [0x00000006c7c00000, 0x00000006cc200000, 0x000000076d400000)
  object space 71680K, 6% used [0x00000006c7c00000,0x00000006c80d3778,0x00000006cc200000)
 Metaspace       used 20662K, capacity 21168K, committed 21504K, reserved 1069056K
  class space    used 2349K, capacity 2515K, committed 2560K, reserved 1048576K
GC Heap History (6 events):
Event: 7.223 GC heap before
{Heap before GC invocations=1 (full 0):
 PSYoungGen      total 74752K, used 64512K [0x000000076d400000, 0x0000000772700000, 0x00000007c0000000)
  eden space 64512K, 100% used [0x000000076d400000,0x0000000771300000,0x0000000771300000)
  from space 10240K, 0% used [0x0000000771d00000,0x0000000771d00000,0x0000000772700000)
  to   space 10240K, 0% used [0x0000000771300000,0x0000000771300000,0x0000000771d00000)
 ParOldGen       total 171008K, used 0K [0x00000006c7c00000, 0x00000006d2300000, 0x000000076d400000)
  object space 171008K, 0% used [0x00000006c7c00000,0x00000006c7c00000,0x00000006d2300000)
 Metaspace       used 19098K, capacity 19456K, committed 19712K, reserved 1067008K
  class space    used 2182K, capacity 2293K, committed 2304K, reserved 1048576K
Event: 7.234 GC heap after
Heap after GC invocations=1 (full 0):
 PSYoungGen      total 74752K, used 10236K [0x000000076d400000, 0x0000000772700000, 0x00000007c0000000)
  eden space 64512K, 0% used [0x000000076d400000,0x000000076d400000,0x0000000771300000)
  from space 10240K, 99% used [0x0000000771300000,0x0000000771cff0b0,0x0000000771d00000)
  to   space 10240K, 0% used [0x0000000771d00000,0x0000000771d00000,0x0000000772700000)
 ParOldGen       total 171008K, used 1662K [0x00000006c7c00000, 0x00000006d2300000, 0x000000076d400000)
  object space 171008K, 0% used [0x00000006c7c00000,0x00000006c7d9fb28,0x00000006d2300000)
 Metaspace       used 19098K, capacity 19456K, committed 19712K, reserved 1067008K
  class space    used 2182K, capacity 2293K, committed 2304K, reserved 1048576K
}
Event: 30.604 GC heap before
{Heap before GC invocations=2 (full 0):
 PSYoungGen      total 74752K, used 19488K [0x000000076d400000, 0x0000000772700000, 0x00000007c0000000)
  eden space 64512K, 14% used [0x000000076d400000,0x000000076dd09118,0x0000000771300000)
  from space 10240K, 99% used [0x0000000771300000,0x0000000771cff0b0,0x0000000771d00000)
  to   space 10240K, 0% used [0x0000000771d00000,0x0000000771d00000,0x0000000772700000)
 ParOldGen       total 171008K, used 1662K [0x00000006c7c00000, 0x00000006d2300000, 0x000000076d400000)
  object space 171008K, 0% used [0x00000006c7c00000,0x00000006c7d9fb28,0x00000006d2300000)
 Metaspace       used 20602K, capacity 21096K, committed 21248K, reserved 1069056K
  class space    used 2344K, capacity 2515K, committed 2560K, reserved 1048576K
Event: 30.609 GC heap after
Heap after GC invocations=2 (full 0):
 PSYoungGen      total 74752K, used 5086K [0x000000076d400000, 0x0000000772700000, 0x00000007c0000000)
  eden space 64512K, 0% used [0x000000076d400000,0x000000076d400000,0x0000000771300000)
  from space 10240K, 49% used [0x0000000771d00000,0x00000007721f7948,0x0000000772700000)
  to   space 10240K, 0% used [0x0000000771300000,0x0000000771300000,0x0000000771d00000)
 ParOldGen       total 171008K, used 1670K [0x00000006c7c00000, 0x00000006d2300000, 0x000000076d400000)
  object space 171008K, 0% used [0x00000006c7c00000,0x00000006c7da1b28,0x00000006d2300000)
 Metaspace       used 20602K, capacity 21096K, committed 21248K, reserved 1069056K
  class space    used 2344K, capacity 2515K, committed 2560K, reserved 1048576K
}
Event: 30.609 GC heap before
{Heap before GC invocations=3 (full 1):
 PSYoungGen      total 74752K, used 5086K [0x000000076d400000, 0x0000000772700000, 0x00000007c0000000)
  eden space 64512K, 0% used [0x000000076d400000,0x000000076d400000,0x0000000771300000)
  from space 10240K, 49% used [0x0000000771d00000,0x00000007721f7948,0x0000000772700000)
  to   space 10240K, 0% used [0x0000000771300000,0x0000000771300000,0x0000000771d00000)
 ParOldGen       total 171008K, used 1670K [0x00000006c7c00000, 0x00000006d2300000, 0x000000076d400000)
  object space 171008K, 0% used [0x00000006c7c00000,0x00000006c7da1b28,0x00000006d2300000)
 Metaspace       used 20602K, capacity 21096K, committed 21248K, reserved 1069056K
  class space    used 2344K, capacity 2515K, committed 2560K, reserved 1048576K
Event: 30.637 GC heap after
Heap after GC invocations=3 (full 1):
 PSYoungGen      total 74752K, used 0K [0x000000076d400000, 0x0000000772700000, 0x00000007c0000000)
  eden space 64512K, 0% used [0x000000076d400000,0x000000076d400000,0x0000000771300000)
  from space 10240K, 0% used [0x0000000771d00000,0x0000000771d00000,0x0000000772700000)
  to   space 10240K, 0% used [0x0000000771300000,0x0000000771300000,0x0000000771d00000)
 ParOldGen       total 71680K, used 4941K [0x00000006c7c00000, 0x00000006cc200000, 0x000000076d400000)
  object space 71680K, 6% used [0x00000006c7c00000,0x00000006c80d3778,0x00000006cc200000)
 Metaspace       used 20601K, capacity 21094K, committed 21248K, reserved 1069056K
  class space    used 2344K, capacity 2514K, committed 2560K, reserved 1048576K
}

